<?xml version="1.0" encoding="UTF-8"?>
<beans xmlns="http://www.springframework.org/schema/beans"
	xmlns:xsi="http://www.w3.org/2001/XMLSchema-instance" xmlns:p="http://www.springframework.org/schema/p"
	xmlns:context="http://www.springframework.org/schema/context" xmlns:tx="http://www.springframework.org/schema/tx"
	xmlns:aop="http://www.springframework.org/schema/aop"
	xmlns:dubbo="http://code.alibabatech.com/schema/dubbo"
	xsi:schemaLocation="  
            http://www.springframework.org/schema/beans    
            http://www.springframework.org/schema/beans/spring-beans-3.2.xsd    
            http://www.springframework.org/schema/aop    
            http://www.springframework.org/schema/aop/spring-aop-3.2.xsd    
            http://www.springframework.org/schema/tx    
            http://www.springframework.org/schema/tx/spring-tx-3.2.xsd    
            http://www.springframework.org/schema/context    
            http://www.springframework.org/schema/context/spring-context-3.2.xsd
            http://code.alibabatech.com/schema/dubbo 
            http://code.alibabatech.com/schema/dubbo/dubbo.xsd"
	default-autowire="byName">
				
	 <bean id="dataSource" class="com.alibaba.druid.pool.DruidDataSource"
		destroy-method="close">
		<property name="url" value="jdbc:mysql://rm-bp12bwv9x151oo9u9o.mysql.rds.aliyuncs.com/prague?characterEncoding=UTF-8" />
		<property name="username" value="chenzhou" />
		<property name="password" value="851025" />
		<property name="driverClassName" value="com.mysql.jdbc.Driver" />

		<property name="maxActive" value="10" />
		<property name="initialSize" value="1" />
		<property name="maxIdle" value="5" />
		<property name="minIdle" value="2" />

		<property name="timeBetweenEvictionRunsMillis" value="30000" />
		<property name="minEvictableIdleTimeMillis" value="60000" />

		<property name="defaultAutoCommit" value="true" />
	</bean>
	
	<bean id="sqlMapClient" class="org.springframework.orm.ibatis.SqlMapClientFactoryBean">
		<property name="configLocation">
			<value>classpath:sqlmap/monitor-sqlmap.xml</value>
		</property>
	</bean>

	<bean name="baseSqlMapClientDAO" abstract="true">
		<property name="sqlMapClient" ref="sqlMapClient" />
		<property name="dataSource" ref="dataSource" />
	</bean>

	<bean id="transactionManager"
		class="org.springframework.jdbc.datasource.DataSourceTransactionManager">
		<property name="dataSource">
			<ref bean="dataSource" />
		</property>
	</bean>

	<bean id="transactionTemplate"
		class="org.springframework.transaction.support.TransactionTemplate">
		<property name="transactionManager">
			<ref bean="transactionManager" />
		</property>
	</bean>
    
	
</beans>





